<?xml version="1.0" encoding="UTF-8"?>
<!-- Generated by org.testng.reporters.JUnitReportReporter -->
<testsuite skipped="0" hostname="LSIN775352" name="Academy.HomePage" tests="2" failures="0" timestamp="2020-07-10T15:24:06 IST" time="6.979" errors="0">
  <testcase name="basePageNavigation" time="4.655" classname="Academy.HomePage"/>
  <system-out/>
  <testcase name="basePageNavigation" time="2.324" classname="Academy.HomePage"/>
  <system-out/>
</testsuite> <!-- Academy.HomePage -->
