<?xml version="1.0" encoding="UTF-8"?>
<!-- Generated by org.testng.reporters.JUnitReportReporter -->
<testsuite skipped="0" hostname="LSIN775352" name="Academy.ValidateNavigation" tests="1" failures="0" timestamp="2020-07-10T15:00:00 IST" time="3.802" errors="0">
  <testcase name="ValidateNavigation" time="3.802" classname="Academy.ValidateNavigation"/>
  <system-out/>
</testsuite> <!-- Academy.ValidateNavigation -->
