<?xml version="1.0" encoding="UTF-8"?>
<!-- Generated by org.testng.reporters.JUnitReportReporter -->
<testsuite skipped="0" hostname="LSIN775352" name="Academy.HomePage" tests="2" failures="0" timestamp="2020-07-10T15:00:00 IST" time="15.396" errors="0">
  <testcase name="basePageNavigation" time="11.007" classname="Academy.HomePage"/>
  <system-out/>
  <testcase name="basePageNavigation" time="4.389" classname="Academy.HomePage"/>
  <system-out/>
</testsuite> <!-- Academy.HomePage -->
