<?xml version="1.0" encoding="UTF-8"?>
<!-- Generated by org.testng.reporters.JUnitReportReporter -->
<testsuite skipped="0" hostname="LSIN775352" name="Academy.AppTest" tests="1" failures="0" timestamp="2020-07-10T15:00:00 IST" time="0.014" errors="0">
  <testcase name="shouldAnswerWithTrue" time="0.014" classname="Academy.AppTest"/>
  <system-out/>
</testsuite> <!-- Academy.AppTest -->
